<?xml version="1.0" encoding="UTF-8"?>
<testng-results ignored="0" total="1" passed="1" failed="0" skipped="0">
  <reporter-output>
  </reporter-output>
  <suite started-at="2023-07-19T20:42:32 IST" name="Default suite" finished-at="2023-07-19T20:46:05 IST" duration-ms="212846">
    <groups>
    </groups>
    <test started-at="2023-07-19T20:42:32 IST" name="Default test" finished-at="2023-07-19T20:46:05 IST" duration-ms="212846">
      <class name="com.Webmath.TestCase.WebMathTestCase">
        <test-method is-config="true" signature="browsersetup()[pri:0, instance:com.Webmath.TestCase.WebMathTestCase@6e20b53a]" started-at="2023-07-19T20:42:32 IST" name="browsersetup" finished-at="2023-07-19T20:42:49 IST" duration-ms="16701" status="PASS">
          <reporter-output>
          </reporter-output>
        </test-method> <!-- browsersetup -->
        <test-method signature="logintest()[pri:0, instance:com.Webmath.TestCase.WebMathTestCase@6e20b53a]" started-at="2023-07-19T20:42:49 IST" name="logintest" finished-at="2023-07-19T20:46:05 IST" duration-ms="196038" status="PASS">
          <reporter-output>
          </reporter-output>
        </test-method> <!-- logintest -->
        <test-method is-config="true" signature="closebrowser()[pri:0, instance:com.Webmath.TestCase.WebMathTestCase@6e20b53a]" started-at="2023-07-19T20:46:05 IST" name="closebrowser" finished-at="2023-07-19T20:46:05 IST" duration-ms="68" status="PASS">
          <reporter-output>
          </reporter-output>
        </test-method> <!-- closebrowser -->
      </class> <!-- com.Webmath.TestCase.WebMathTestCase -->
    </test> <!-- Default test -->
  </suite> <!-- Default suite -->
</testng-results>
