<?xml version="1.0" encoding="UTF-8"?>
<testng-results ignored="0" total="1" passed="1" failed="0" skipped="0">
  <reporter-output>
  </reporter-output>
  <suite started-at="2023-07-04T19:52:45 IST" name="Default suite" finished-at="2023-07-04T19:55:25 IST" duration-ms="159646">
    <groups>
    </groups>
    <test started-at="2023-07-04T19:52:45 IST" name="Default test" finished-at="2023-07-04T19:55:25 IST" duration-ms="159646">
      <class name="com.Webmath.TestCase.WebMathTestCase">
        <test-method is-config="true" signature="browsersetup()[pri:0, instance:com.Webmath.TestCase.WebMathTestCase@694abbdc]" started-at="2023-07-04T19:52:45 IST" name="browsersetup" finished-at="2023-07-04T19:52:52 IST" duration-ms="6942" status="PASS">
          <reporter-output>
          </reporter-output>
        </test-method> <!-- browsersetup -->
        <test-method signature="logintest()[pri:0, instance:com.Webmath.TestCase.WebMathTestCase@694abbdc]" started-at="2023-07-04T19:52:52 IST" name="logintest" finished-at="2023-07-04T19:55:25 IST" duration-ms="152476" status="PASS">
          <reporter-output>
          </reporter-output>
        </test-method> <!-- logintest -->
        <test-method is-config="true" signature="closebrowser()[pri:0, instance:com.Webmath.TestCase.WebMathTestCase@694abbdc]" started-at="2023-07-04T19:55:25 IST" name="closebrowser" finished-at="2023-07-04T19:55:25 IST" duration-ms="155" status="PASS">
          <reporter-output>
          </reporter-output>
        </test-method> <!-- closebrowser -->
      </class> <!-- com.Webmath.TestCase.WebMathTestCase -->
    </test> <!-- Default test -->
  </suite> <!-- Default suite -->
</testng-results>
